<?xml version="1.0" encoding="UTF-8"?>
<!-- Generated by org.testng.reporters.JUnitXMLReporter -->
<testsuite ignored="2" hostname="ON0070342019915" failures="0" tests="1" name="Surefire test" time="67.419" errors="0" timestamp="2026-03-15T23:08:09 EET">
  <testcase classname="Tests.FlightSearchTest" name="testCriticalUserPath" time="59.993"/>
  <testcase classname="Tests.FlightSearchTest" name="testFlightSearchWithTimeFilter" time="0.0">
    <ignored/>
  </testcase> <!-- testFlightSearchWithTimeFilter -->
  <testcase classname="Tests.FlightSearchTest" name="testTurkishAirlinesPriceSorting" time="0.0">
    <ignored/>
  </testcase> <!-- testTurkishAirlinesPriceSorting -->
</testsuite> <!-- Surefire test -->
