<?xml version="1.0" encoding="UTF-8"?>
<testsuite xmlns:xsi="http://www.w3.org/2001/XMLSchema-instance" xsi:noNamespaceSchemaLocation="https://maven.apache.org/surefire/maven-surefire-plugin/xsd/surefire-test-report-3.0.xsd" version="3.0" name="Tests.DataAnalysisTest" time="182.277" tests="2" errors="0" skipped="0" failures="0">
  <properties>
[...]
</properties>
  <testcase name="testFlightDataAnalysis[Istanbul, Lefkoşa, default](1)" classname="Tests.DataAnalysisTest" time="77.414">
    <system-out><![CDATA[22:48:28.719 [main] INFO  Tests.BaseTest - Test kurulumu başlatılıyor... Tarayıcı hazırlanıyor.
22:48:45.820 [main] INFO  Pages.BasePage - Çerez pop-up'ının tamamen görünür olması için 3 saniye bekleniyor...
22:48:52.540 [main] INFO  Pages.BasePage - Çerezler kabul edildi. Devam etmeden önce 2 saniye bekleniyor...
22:48:54.548 [main] INFO  Pages.BasePage - UI üzerinden sadeleştirilmiş uçuş araması başlatılıyor: Istanbul -> Lefkoşa
22:48:54.549 [main] INFO  Pages.BasePage - 'Gidiş-dönüş' seçeneği tıklanıyor.
22:49:41.028 [main] INFO  Pages.BasePage - 'Ucuz bilet bul' butonuna tıklanıyor.
22:49:58.255 [main] INFO  Tests.BaseTest - Uçuş verileri 'target/analysis/Istanbul_Lefkoşa/flight_results.csv' dosyasına kaydedildi.
22:49:59.010 [main] INFO  Tests.BaseTest - --- Istanbul -> Lefkoşa En Maliyet-Etkin Uçuşlar ---
22:49:59.043 [main] INFO  Tests.BaseTest - Skor: 1917,00 | FlightData{airline='AJet', departure='05:25', arrival='06:00', price=1442.0, connection='Direkt Uçuş', duration='1sa 35dk'}
22:49:59.044 [main] INFO  Tests.BaseTest - Skor: 1917,00 | FlightData{airline='AJet', departure='20:45', arrival='21:20', price=1442.0, connection='Direkt Uçuş', duration='1sa 35dk'}
22:49:59.044 [main] INFO  Tests.BaseTest - Skor: 1998,00 | FlightData{airline='Pegasus', departure='12:35', arrival='13:05', price=1548.0, connection='Direkt Uçuş', duration='1sa 30dk'}
22:49:59.045 [main] INFO  Tests.BaseTest - Skor: 2014,00 | FlightData{airline='Pegasus', departure='05:55', arrival='06:25', price=1564.0, connection='Direkt Uçuş', duration='1sa 30dk'}
22:49:59.046 [main] INFO  Tests.BaseTest - Skor: 2014,00 | FlightData{airline='Pegasus', departure='07:55', arrival='08:25', price=1564.0, connection='Direkt Uçuş', duration='1sa 30dk'}
]]></system-out>
    <system-err><![CDATA[SLF4J: Failed to load class "org.slf4j.impl.StaticLoggerBinder".
SLF4J: Defaulting to no-operation (NOP) logger implementation
SLF4J: See http://www.slf4j.org/codes.html#StaticLoggerBinder for further details.
]]></system-err>
  </testcase>
  <testcase name="testFlightDataAnalysis[Ankara, Lefkoşa, default](2)" classname="Tests.DataAnalysisTest" time="75.523">
    <system-out><![CDATA[22:49:59.052 [main] INFO  Tests.BaseTest - Test tamamlandı. Tarayıcı kapatılıyor.
22:50:01.902 [main] INFO  Tests.BaseTest - Test kurulumu başlatılıyor... Tarayıcı hazırlanıyor.
22:50:17.517 [main] INFO  Pages.BasePage - Çerez pop-up'ının tamamen görünür olması için 3 saniye bekleniyor...
22:50:21.020 [main] INFO  Pages.BasePage - Çerezler kabul edildi. Devam etmeden önce 2 saniye bekleniyor...
22:50:23.027 [main] INFO  Pages.BasePage - UI üzerinden sadeleştirilmiş uçuş araması başlatılıyor: Ankara -> Lefkoşa
22:50:23.027 [main] INFO  Pages.BasePage - 'Gidiş-dönüş' seçeneği tıklanıyor.
22:51:09.241 [main] INFO  Pages.BasePage - 'Ucuz bilet bul' butonuna tıklanıyor.
22:51:24.351 [main] INFO  Tests.BaseTest - Uçuş verileri 'target/analysis/Ankara_Lefkoşa/flight_results.csv' dosyasına kaydedildi.
22:51:24.606 [main] INFO  Tests.BaseTest - --- Ankara -> Lefkoşa En Maliyet-Etkin Uçuşlar ---
22:51:24.610 [main] INFO  Tests.BaseTest - Skor: 1719,00 | FlightData{airline='AJet', departure='07:50', arrival='08:05', price=1344.0, connection='Direkt Uçuş', duration='1sa 15dk'}
22:51:24.610 [main] INFO  Tests.BaseTest - Skor: 1719,00 | FlightData{airline='AJet', departure='15:25', arrival='15:40', price=1344.0, connection='Direkt Uçuş', duration='1sa 15dk'}
22:51:24.610 [main] INFO  Tests.BaseTest - Skor: 1719,00 | FlightData{airline='AJet', departure='19:00', arrival='19:15', price=1344.0, connection='Direkt Uçuş', duration='1sa 15dk'}
22:51:24.611 [main] INFO  Tests.BaseTest - Skor: 1911,00 | FlightData{airline='Pegasus', departure='14:45', arrival='14:55', price=1561.0, connection='Direkt Uçuş', duration='1sa 10dk'}
22:51:24.611 [main] INFO  Tests.BaseTest - Skor: 1911,00 | FlightData{airline='Pegasus', departure='22:50', arrival='23:00', price=1561.0, connection='Direkt Uçuş', duration='1sa 10dk'}
]]></system-out>
  </testcase>
</testsuite>