<?xml version="1.0" encoding="UTF-8"?>
<testng-results ignored="0" total="1" passed="1" failed="0" skipped="0">
  <reporter-output>
  </reporter-output>
  <suite started-at="2026-03-15T23:07:01 EET" name="Surefire suite" finished-at="2026-03-15T23:08:09 EET" duration-ms="67419">
    <groups>
    </groups>
    <test started-at="2026-03-15T23:07:01 EET" name="Surefire test" finished-at="2026-03-15T23:08:09 EET" duration-ms="67419">
      <class name="Tests.FlightSearchTest">
        <test-method is-config="true" signature="setup()[pri:0, instance:Tests.FlightSearchTest@2611b9a3]" started-at="2026-03-15T23:07:01 EET" name="setup" finished-at="2026-03-15T23:07:08 EET" duration-ms="6086" status="PASS">
          <reporter-output>
          </reporter-output>
        </test-method> <!-- setup -->
        <test-method signature="testCriticalUserPath()[pri:0, instance:Tests.FlightSearchTest@2611b9a3]" started-at="2026-03-15T23:07:08 EET" name="testCriticalUserPath" description="Kritik Kullanıcı Yolu Doğrulaması: Arama -&gt; Uçuş Seç -&gt; Yolcu Bilgileri" finished-at="2026-03-15T23:08:08 EET" duration-ms="59993" status="PASS">
          <reporter-output>
          </reporter-output>
        </test-method> <!-- testCriticalUserPath -->
        <test-method is-config="true" signature="tearDown()[pri:0, instance:Tests.FlightSearchTest@2611b9a3]" started-at="2026-03-15T23:08:08 EET" name="tearDown" finished-at="2026-03-15T23:08:09 EET" duration-ms="1277" status="PASS">
          <reporter-output>
          </reporter-output>
        </test-method> <!-- tearDown -->
      </class> <!-- Tests.FlightSearchTest -->
    </test> <!-- Surefire test -->
  </suite> <!-- Surefire suite -->
</testng-results>
