<?xml version="1.0" encoding="UTF-8"?>
<!-- Generated by org.testng.reporters.JUnitReportReporter -->
<testsuite hostname="ON0070342019915" failures="0" tests="2" name="Tests.DataAnalysisTest" time="178.354" errors="0" timestamp="2026-03-15T22:51:27 EET" skipped="0">
  <testcase classname="Tests.DataAnalysisTest" name="testFlightDataAnalysis" time="85.151"/>
  <testcase classname="Tests.DataAnalysisTest" name="testFlightDataAnalysis" time="93.203"/>
</testsuite> <!-- Tests.DataAnalysisTest -->
